{"/home/porin/Mybrand-Backend/src/controllers/users.ts": {"path":"/home/porin/Mybrand-Backend/src/controllers/users.ts","statementMap":{"0":{"start":{"line":3,"column":0},"end":{"line":3,"column":68}},"1":{"start":{"line":5,"column":28},"end":{"line":14,"column":2}},"2":{"start":{"line":5,"column":82},"end":{"line":14,"column":2}},"3":{"start":{"line":6,"column":2},"end":{"line":13,"column":null}},"4":{"start":{"line":7,"column":18},"end":{"line":7,"column":34}},"5":{"start":{"line":9,"column":4},"end":{"line":9,"column":39}},"6":{"start":{"line":12,"column":4},"end":{"line":12,"column":56}},"7":{"start":{"line":5,"column":14},"end":{"line":5,"column":28}},"8":{"start":{"line":16,"column":26},"end":{"line":27,"column":null}},"9":{"start":{"line":16,"column":80},"end":{"line":27,"column":null}},"10":{"start":{"line":17,"column":2},"end":{"line":26,"column":null}},"11":{"start":{"line":18,"column":19},"end":{"line":18,"column":29}},"12":{"start":{"line":20,"column":24},"end":{"line":20,"column":48}},"13":{"start":{"line":22,"column":4},"end":{"line":22,"column":33}},"14":{"start":{"line":24,"column":4},"end":{"line":24,"column":23}},"15":{"start":{"line":25,"column":4},"end":{"line":25,"column":31}},"16":{"start":{"line":16,"column":13},"end":{"line":16,"column":26}},"17":{"start":{"line":29,"column":26},"end":{"line":48,"column":null}},"18":{"start":{"line":29,"column":80},"end":{"line":48,"column":null}},"19":{"start":{"line":30,"column":2},"end":{"line":47,"column":null}},"20":{"start":{"line":31,"column":19},"end":{"line":31,"column":29}},"21":{"start":{"line":32,"column":25},"end":{"line":32,"column":33}},"22":{"start":{"line":34,"column":4},"end":{"line":36,"column":null}},"23":{"start":{"line":35,"column":6},"end":{"line":35,"column":33}},"24":{"start":{"line":38,"column":17},"end":{"line":38,"column":38}},"25":{"start":{"line":40,"column":4},"end":{"line":40,"column":29}},"26":{"start":{"line":41,"column":4},"end":{"line":41,"column":22}},"27":{"start":{"line":43,"column":4},"end":{"line":43,"column":44}},"28":{"start":{"line":45,"column":4},"end":{"line":45,"column":23}},"29":{"start":{"line":46,"column":4},"end":{"line":46,"column":31}},"30":{"start":{"line":29,"column":13},"end":{"line":29,"column":26}}},"fnMap":{"0":{"name":"(anonymous_7)","decl":{"start":{"line":5,"column":28},"end":{"line":5,"column":35}},"loc":{"start":{"line":5,"column":82},"end":{"line":14,"column":2}}},"1":{"name":"(anonymous_8)","decl":{"start":{"line":5,"column":82},"end":{"line":5,"column":null}},"loc":{"start":{"line":5,"column":82},"end":{"line":14,"column":1}}},"2":{"name":"(anonymous_9)","decl":{"start":{"line":16,"column":26},"end":{"line":16,"column":33}},"loc":{"start":{"line":16,"column":80},"end":{"line":27,"column":null}}},"3":{"name":"(anonymous_10)","decl":{"start":{"line":16,"column":80},"end":{"line":16,"column":null}},"loc":{"start":{"line":16,"column":80},"end":{"line":27,"column":1}}},"4":{"name":"(anonymous_11)","decl":{"start":{"line":29,"column":26},"end":{"line":29,"column":33}},"loc":{"start":{"line":29,"column":80},"end":{"line":48,"column":null}}},"5":{"name":"(anonymous_12)","decl":{"start":{"line":29,"column":80},"end":{"line":29,"column":null}},"loc":{"start":{"line":29,"column":80},"end":{"line":48,"column":1}}}},"branchMap":{"0":{"loc":{"start":{"line":34,"column":4},"end":{"line":36,"column":null}},"type":"if","locations":[{"start":{"line":34,"column":4},"end":{"line":36,"column":null}}]}},"s":{"0":1,"1":1,"2":2,"3":2,"4":2,"5":1,"6":1,"7":1,"8":1,"9":2,"10":2,"11":2,"12":0,"13":0,"14":2,"15":2,"16":1,"17":1,"18":2,"19":2,"20":2,"21":0,"22":0,"23":0,"24":0,"25":0,"26":0,"27":0,"28":2,"29":2,"30":1},"f":{"0":2,"1":2,"2":2,"3":2,"4":2,"5":2},"b":{"0":[0]}}
}
