TN:
SF:src/controllers/users.ts
FN:5,(anonymous_7)
FN:5,(anonymous_8)
FN:16,(anonymous_9)
FN:16,(anonymous_10)
FN:29,(anonymous_11)
FN:29,(anonymous_12)
FNF:6
FNH:6
FNDA:2,(anonymous_7)
FNDA:2,(anonymous_8)
FNDA:2,(anonymous_9)
FNDA:2,(anonymous_10)
FNDA:2,(anonymous_11)
FNDA:2,(anonymous_12)
DA:3,1
DA:5,2
DA:6,2
DA:7,2
DA:9,1
DA:12,1
DA:16,2
DA:17,2
DA:18,2
DA:20,0
DA:22,0
DA:24,2
DA:25,2
DA:29,2
DA:30,2
DA:31,2
DA:32,0
DA:34,0
DA:35,0
DA:38,0
DA:40,0
DA:41,0
DA:43,0
DA:45,2
DA:46,2
LF:25
LH:16
BRDA:34,0,0,0
BRF:1
BRH:0
end_of_record
